  Source.cpp
C:\Users\hp\Documents\CPPProjects\MandleBrotWorking\MandleBrotWorking\Source.cpp(141,22): warning C4244: '=': conversion from 'double' to 'uint16_t', possible loss of data
C:\Users\hp\Documents\CPPProjects\MandleBrotWorking\MandleBrotWorking\Source.cpp(145,23): warning C4244: '=': conversion from 'double' to 'uint16_t', possible loss of data
C:\Program Files (x86)\Microsoft Visual Studio\2019\Community\VC\Tools\MSVC\14.26.28801\include\thread(43,14): error C2672: 'std::invoke': no matching overloaded function found
C:\Program Files (x86)\Microsoft Visual Studio\2019\Community\VC\Tools\MSVC\14.26.28801\include\thread(49): message : see reference to function template instantiation 'unsigned int std::thread::_Invoke<_Tuple,0,1,2,3,4,5>(void *) noexcept' being compiled
          with
          [
              _Tuple=_Tuple
          ]
C:\Program Files (x86)\Microsoft Visual Studio\2019\Community\VC\Tools\MSVC\14.26.28801\include\thread(55): message : see reference to function template instantiation 'unsigned int (__stdcall *std::thread::_Get_invoke<_Tuple,0,1,2,3,4,5>(std::integer_sequence<size_t,0,1,2,3,4,5>) noexcept)(void *)' being compiled
C:\Users\hp\Documents\CPPProjects\MandleBrotWorking\MandleBrotWorking\Source.cpp(84): message : see reference to function template instantiation 'std::thread::thread<int,void(__cdecl &)(uint8_t,olc::vd2d,double,uint16_t,uint16_t *),olc::vd2d&,double&,uint16_t&,uint16_t*&,0>(_Fn &&,void (__cdecl &)(uint8_t,olc::vd2d,double,uint16_t,uint16_t *),olc::vd2d &,double &,uint16_t &,uint16_t *&)' being compiled
          with
          [
              _Fn=int
          ]
C:\Program Files (x86)\Microsoft Visual Studio\2019\Community\VC\Tools\MSVC\14.26.28801\include\thread(39,5): error C2893: Failed to specialize function template 'unknown-type std::invoke(_Callable &&,_Types &&...) noexcept(<expr>)'
C:\Program Files (x86)\Microsoft Visual Studio\2019\Community\VC\Tools\MSVC\14.26.28801\include\type_traits(1612): message : see declaration of 'std::invoke'
C:\Program Files (x86)\Microsoft Visual Studio\2019\Community\VC\Tools\MSVC\14.26.28801\include\thread(39,5): message : With the following template arguments:
C:\Program Files (x86)\Microsoft Visual Studio\2019\Community\VC\Tools\MSVC\14.26.28801\include\thread(39,5): message : '_Callable=int'
C:\Program Files (x86)\Microsoft Visual Studio\2019\Community\VC\Tools\MSVC\14.26.28801\include\thread(39,5): message : '_Types={void (__cdecl *)(uint8_t,olc::vd2d,double,uint16_t,uint16_t *), olc::v2d_generic<double>, double, unsigned short, uint16_t *}'
